2017-12-02 22:05:12,114 DEBUG o.a.c.b.c.AbstractConverter [http-nio-8081-exec-4] Setting default value: false
2017-12-02 22:05:12,124 DEBUG o.a.c.b.c.AbstractConverter [http-nio-8081-exec-4] Converting 'Boolean' value 'false' to type 'Boolean'
2017-12-02 22:05:12,125 DEBUG o.a.c.b.c.AbstractConverter [http-nio-8081-exec-4]     No conversion required, value is already a Boolean
2017-12-02 22:05:12,129 DEBUG o.a.c.b.c.AbstractConverter [http-nio-8081-exec-4] Setting default value: 0
2017-12-02 22:05:12,129 DEBUG o.a.c.b.c.AbstractConverter [http-nio-8081-exec-4] Converting 'Integer' value '0' to type 'Byte'
2017-12-02 22:05:12,130 DEBUG o.a.c.b.c.AbstractConverter [http-nio-8081-exec-4]     Converted to Byte value '0'
2017-12-02 22:05:12,131 DEBUG o.a.c.b.c.AbstractConverter [http-nio-8081-exec-4] Setting default value:  
2017-12-02 22:05:12,132 DEBUG o.a.c.b.c.AbstractConverter [http-nio-8081-exec-4] Converting 'Character' value ' ' to type 'Character'
2017-12-02 22:05:12,132 DEBUG o.a.c.b.c.AbstractConverter [http-nio-8081-exec-4]     No conversion required, value is already a Character
2017-12-02 22:05:12,133 DEBUG o.a.c.b.c.AbstractConverter [http-nio-8081-exec-4] Setting default value: 0
2017-12-02 22:05:12,133 DEBUG o.a.c.b.c.AbstractConverter [http-nio-8081-exec-4] Converting 'Integer' value '0' to type 'Double'
2017-12-02 22:05:12,133 DEBUG o.a.c.b.c.AbstractConverter [http-nio-8081-exec-4]     Converted to Double value '0.0'
2017-12-02 22:05:12,134 DEBUG o.a.c.b.c.AbstractConverter [http-nio-8081-exec-4] Setting default value: 0
2017-12-02 22:05:12,135 DEBUG o.a.c.b.c.AbstractConverter [http-nio-8081-exec-4] Converting 'Integer' value '0' to type 'Float'
2017-12-02 22:05:12,135 DEBUG o.a.c.b.c.AbstractConverter [http-nio-8081-exec-4]     Converted to Float value '0.0'
2017-12-02 22:05:12,136 DEBUG o.a.c.b.c.AbstractConverter [http-nio-8081-exec-4] Setting default value: 0
2017-12-02 22:05:12,136 DEBUG o.a.c.b.c.AbstractConverter [http-nio-8081-exec-4] Converting 'Integer' value '0' to type 'Integer'
2017-12-02 22:05:12,136 DEBUG o.a.c.b.c.AbstractConverter [http-nio-8081-exec-4]     No conversion required, value is already a Integer
2017-12-02 22:05:12,137 DEBUG o.a.c.b.c.AbstractConverter [http-nio-8081-exec-4] Setting default value: 0
2017-12-02 22:05:12,137 DEBUG o.a.c.b.c.AbstractConverter [http-nio-8081-exec-4] Converting 'Integer' value '0' to type 'Long'
2017-12-02 22:05:12,137 DEBUG o.a.c.b.c.AbstractConverter [http-nio-8081-exec-4]     Converted to Long value '0'
2017-12-02 22:05:12,139 DEBUG o.a.c.b.c.AbstractConverter [http-nio-8081-exec-4] Setting default value: 0
2017-12-02 22:05:12,140 DEBUG o.a.c.b.c.AbstractConverter [http-nio-8081-exec-4] Converting 'Integer' value '0' to type 'Short'
2017-12-02 22:05:12,140 DEBUG o.a.c.b.c.AbstractConverter [http-nio-8081-exec-4]     Converted to Short value '0'
2017-12-02 22:05:12,144 DEBUG o.a.c.b.c.AbstractConverter [http-nio-8081-exec-4] Setting default value: 0.0
2017-12-02 22:05:12,144 DEBUG o.a.c.b.c.AbstractConverter [http-nio-8081-exec-4] Converting 'BigDecimal' value '0.0' to type 'BigDecimal'
2017-12-02 22:05:12,147 DEBUG o.a.c.b.c.AbstractConverter [http-nio-8081-exec-4]     No conversion required, value is already a BigDecimal
2017-12-02 22:05:12,148 DEBUG o.a.c.b.c.AbstractConverter [http-nio-8081-exec-4] Setting default value: 0
2017-12-02 22:05:12,149 DEBUG o.a.c.b.c.AbstractConverter [http-nio-8081-exec-4] Converting 'BigInteger' value '0' to type 'BigInteger'
2017-12-02 22:05:12,149 DEBUG o.a.c.b.c.AbstractConverter [http-nio-8081-exec-4]     No conversion required, value is already a BigInteger
2017-12-02 22:05:12,149 DEBUG o.a.c.b.c.AbstractConverter [http-nio-8081-exec-4] Setting default value: false
2017-12-02 22:05:12,150 DEBUG o.a.c.b.c.AbstractConverter [http-nio-8081-exec-4] Converting 'Boolean' value 'false' to type 'Boolean'
2017-12-02 22:05:12,150 DEBUG o.a.c.b.c.AbstractConverter [http-nio-8081-exec-4]     No conversion required, value is already a Boolean
2017-12-02 22:05:12,150 DEBUG o.a.c.b.c.AbstractConverter [http-nio-8081-exec-4] Setting default value: 0
2017-12-02 22:05:12,150 DEBUG o.a.c.b.c.AbstractConverter [http-nio-8081-exec-4] Converting 'Integer' value '0' to type 'Byte'
2017-12-02 22:05:12,151 DEBUG o.a.c.b.c.AbstractConverter [http-nio-8081-exec-4]     Converted to Byte value '0'
2017-12-02 22:05:12,151 DEBUG o.a.c.b.c.AbstractConverter [http-nio-8081-exec-4] Setting default value:  
2017-12-02 22:05:12,151 DEBUG o.a.c.b.c.AbstractConverter [http-nio-8081-exec-4] Converting 'Character' value ' ' to type 'Character'
2017-12-02 22:05:12,152 DEBUG o.a.c.b.c.AbstractConverter [http-nio-8081-exec-4]     No conversion required, value is already a Character
2017-12-02 22:05:12,152 DEBUG o.a.c.b.c.AbstractConverter [http-nio-8081-exec-4] Setting default value: 0
2017-12-02 22:05:12,152 DEBUG o.a.c.b.c.AbstractConverter [http-nio-8081-exec-4] Converting 'Integer' value '0' to type 'Double'
2017-12-02 22:05:12,153 DEBUG o.a.c.b.c.AbstractConverter [http-nio-8081-exec-4]     Converted to Double value '0.0'
2017-12-02 22:05:12,153 DEBUG o.a.c.b.c.AbstractConverter [http-nio-8081-exec-4] Setting default value: 0
2017-12-02 22:05:12,153 DEBUG o.a.c.b.c.AbstractConverter [http-nio-8081-exec-4] Converting 'Integer' value '0' to type 'Float'
2017-12-02 22:05:12,153 DEBUG o.a.c.b.c.AbstractConverter [http-nio-8081-exec-4]     Converted to Float value '0.0'
2017-12-02 22:05:12,154 DEBUG o.a.c.b.c.AbstractConverter [http-nio-8081-exec-4] Setting default value: 0
2017-12-02 22:05:12,154 DEBUG o.a.c.b.c.AbstractConverter [http-nio-8081-exec-4] Converting 'Integer' value '0' to type 'Integer'
2017-12-02 22:05:12,154 DEBUG o.a.c.b.c.AbstractConverter [http-nio-8081-exec-4]     No conversion required, value is already a Integer
2017-12-02 22:05:12,155 DEBUG o.a.c.b.c.AbstractConverter [http-nio-8081-exec-4] Setting default value: 0
2017-12-02 22:05:12,155 DEBUG o.a.c.b.c.AbstractConverter [http-nio-8081-exec-4] Converting 'Integer' value '0' to type 'Long'
2017-12-02 22:05:12,155 DEBUG o.a.c.b.c.AbstractConverter [http-nio-8081-exec-4]     Converted to Long value '0'
2017-12-02 22:05:12,156 DEBUG o.a.c.b.c.AbstractConverter [http-nio-8081-exec-4] Setting default value: 0
2017-12-02 22:05:12,156 DEBUG o.a.c.b.c.AbstractConverter [http-nio-8081-exec-4] Converting 'Integer' value '0' to type 'Short'
2017-12-02 22:05:12,157 DEBUG o.a.c.b.c.AbstractConverter [http-nio-8081-exec-4]     Converted to Short value '0'
2017-12-02 22:05:12,158 DEBUG o.a.c.b.c.AbstractConverter [http-nio-8081-exec-4] Setting default value: 
2017-12-02 22:05:12,158 DEBUG o.a.c.b.c.AbstractConverter [http-nio-8081-exec-4] Converting 'String' value '' to type 'String'
2017-12-02 22:05:12,166 DEBUG o.a.c.b.c.AbstractConverter [http-nio-8081-exec-4] Setting default value: [Z@55d44748
2017-12-02 22:05:12,167 DEBUG o.a.c.b.c.AbstractConverter [http-nio-8081-exec-4] Converting 'boolean[]' value '[Z@55d44748' to type 'boolean[]'
2017-12-02 22:05:12,167 DEBUG o.a.c.b.c.AbstractConverter [http-nio-8081-exec-4]     No conversion required, value is already a boolean[]
2017-12-02 22:05:12,167 DEBUG o.a.c.b.c.AbstractConverter [http-nio-8081-exec-4] Setting default value: [B@75664a6f
2017-12-02 22:05:12,168 DEBUG o.a.c.b.c.AbstractConverter [http-nio-8081-exec-4] Converting 'byte[]' value '[B@75664a6f' to type 'byte[]'
2017-12-02 22:05:12,168 DEBUG o.a.c.b.c.AbstractConverter [http-nio-8081-exec-4]     No conversion required, value is already a byte[]
2017-12-02 22:05:12,168 DEBUG o.a.c.b.c.AbstractConverter [http-nio-8081-exec-4] Setting default value: [C@6679a2bd
2017-12-02 22:05:12,169 DEBUG o.a.c.b.c.AbstractConverter [http-nio-8081-exec-4] Converting 'char[]' value '[C@6679a2bd' to type 'char[]'
2017-12-02 22:05:12,170 DEBUG o.a.c.b.c.AbstractConverter [http-nio-8081-exec-4]     No conversion required, value is already a char[]
2017-12-02 22:05:12,170 DEBUG o.a.c.b.c.AbstractConverter [http-nio-8081-exec-4] Setting default value: [D@d31b06
2017-12-02 22:05:12,170 DEBUG o.a.c.b.c.AbstractConverter [http-nio-8081-exec-4] Converting 'double[]' value '[D@d31b06' to type 'double[]'
2017-12-02 22:05:12,171 DEBUG o.a.c.b.c.AbstractConverter [http-nio-8081-exec-4]     No conversion required, value is already a double[]
2017-12-02 22:05:12,171 DEBUG o.a.c.b.c.AbstractConverter [http-nio-8081-exec-4] Setting default value: [F@77caf253
2017-12-02 22:05:12,171 DEBUG o.a.c.b.c.AbstractConverter [http-nio-8081-exec-4] Converting 'float[]' value '[F@77caf253' to type 'float[]'
2017-12-02 22:05:12,172 DEBUG o.a.c.b.c.AbstractConverter [http-nio-8081-exec-4]     No conversion required, value is already a float[]
2017-12-02 22:05:12,172 DEBUG o.a.c.b.c.AbstractConverter [http-nio-8081-exec-4] Setting default value: [I@30b8ebf7
2017-12-02 22:05:12,172 DEBUG o.a.c.b.c.AbstractConverter [http-nio-8081-exec-4] Converting 'int[]' value '[I@30b8ebf7' to type 'int[]'
2017-12-02 22:05:12,173 DEBUG o.a.c.b.c.AbstractConverter [http-nio-8081-exec-4]     No conversion required, value is already a int[]
2017-12-02 22:05:12,173 DEBUG o.a.c.b.c.AbstractConverter [http-nio-8081-exec-4] Setting default value: [J@1bffdb17
2017-12-02 22:05:12,173 DEBUG o.a.c.b.c.AbstractConverter [http-nio-8081-exec-4] Converting 'long[]' value '[J@1bffdb17' to type 'long[]'
2017-12-02 22:05:12,173 DEBUG o.a.c.b.c.AbstractConverter [http-nio-8081-exec-4]     No conversion required, value is already a long[]
2017-12-02 22:05:12,174 DEBUG o.a.c.b.c.AbstractConverter [http-nio-8081-exec-4] Setting default value: [S@36ce845
2017-12-02 22:05:12,174 DEBUG o.a.c.b.c.AbstractConverter [http-nio-8081-exec-4] Converting 'short[]' value '[S@36ce845' to type 'short[]'
2017-12-02 22:05:12,174 DEBUG o.a.c.b.c.AbstractConverter [http-nio-8081-exec-4]     No conversion required, value is already a short[]
2017-12-02 22:05:12,175 DEBUG o.a.c.b.c.AbstractConverter [http-nio-8081-exec-4] Setting default value: [Ljava.math.BigDecimal;@2394da11
2017-12-02 22:05:12,175 DEBUG o.a.c.b.c.AbstractConverter [http-nio-8081-exec-4] Converting 'BigDecimal[]' value '[Ljava.math.BigDecimal;@2394da11' to type 'BigDecimal[]'
2017-12-02 22:05:12,175 DEBUG o.a.c.b.c.AbstractConverter [http-nio-8081-exec-4]     No conversion required, value is already a BigDecimal[]
2017-12-02 22:05:12,176 DEBUG o.a.c.b.c.AbstractConverter [http-nio-8081-exec-4] Setting default value: [Ljava.math.BigInteger;@31462433
2017-12-02 22:05:12,176 DEBUG o.a.c.b.c.AbstractConverter [http-nio-8081-exec-4] Converting 'BigInteger[]' value '[Ljava.math.BigInteger;@31462433' to type 'BigInteger[]'
2017-12-02 22:05:12,176 DEBUG o.a.c.b.c.AbstractConverter [http-nio-8081-exec-4]     No conversion required, value is already a BigInteger[]
2017-12-02 22:05:12,177 DEBUG o.a.c.b.c.AbstractConverter [http-nio-8081-exec-4] Setting default value: [Ljava.lang.Boolean;@504dd07c
2017-12-02 22:05:12,177 DEBUG o.a.c.b.c.AbstractConverter [http-nio-8081-exec-4] Converting 'Boolean[]' value '[Ljava.lang.Boolean;@504dd07c' to type 'Boolean[]'
2017-12-02 22:05:12,177 DEBUG o.a.c.b.c.AbstractConverter [http-nio-8081-exec-4]     No conversion required, value is already a Boolean[]
2017-12-02 22:05:12,178 DEBUG o.a.c.b.c.AbstractConverter [http-nio-8081-exec-4] Setting default value: [Ljava.lang.Byte;@278f8592
2017-12-02 22:05:12,178 DEBUG o.a.c.b.c.AbstractConverter [http-nio-8081-exec-4] Converting 'Byte[]' value '[Ljava.lang.Byte;@278f8592' to type 'Byte[]'
2017-12-02 22:05:12,178 DEBUG o.a.c.b.c.AbstractConverter [http-nio-8081-exec-4]     No conversion required, value is already a Byte[]
2017-12-02 22:05:12,179 DEBUG o.a.c.b.c.AbstractConverter [http-nio-8081-exec-4] Setting default value: [Ljava.lang.Character;@2aa4a907
2017-12-02 22:05:12,179 DEBUG o.a.c.b.c.AbstractConverter [http-nio-8081-exec-4] Converting 'Character[]' value '[Ljava.lang.Character;@2aa4a907' to type 'Character[]'
2017-12-02 22:05:12,179 DEBUG o.a.c.b.c.AbstractConverter [http-nio-8081-exec-4]     No conversion required, value is already a Character[]
2017-12-02 22:05:12,180 DEBUG o.a.c.b.c.AbstractConverter [http-nio-8081-exec-4] Setting default value: [Ljava.lang.Double;@14067611
2017-12-02 22:05:12,180 DEBUG o.a.c.b.c.AbstractConverter [http-nio-8081-exec-4] Converting 'Double[]' value '[Ljava.lang.Double;@14067611' to type 'Double[]'
2017-12-02 22:05:12,180 DEBUG o.a.c.b.c.AbstractConverter [http-nio-8081-exec-4]     No conversion required, value is already a Double[]
2017-12-02 22:05:12,180 DEBUG o.a.c.b.c.AbstractConverter [http-nio-8081-exec-4] Setting default value: [Ljava.lang.Float;@2da9ba52
2017-12-02 22:05:12,181 DEBUG o.a.c.b.c.AbstractConverter [http-nio-8081-exec-4] Converting 'Float[]' value '[Ljava.lang.Float;@2da9ba52' to type 'Float[]'
2017-12-02 22:05:12,181 DEBUG o.a.c.b.c.AbstractConverter [http-nio-8081-exec-4]     No conversion required, value is already a Float[]
2017-12-02 22:05:12,181 DEBUG o.a.c.b.c.AbstractConverter [http-nio-8081-exec-4] Setting default value: [Ljava.lang.Integer;@33b451e4
2017-12-02 22:05:12,182 DEBUG o.a.c.b.c.AbstractConverter [http-nio-8081-exec-4] Converting 'Integer[]' value '[Ljava.lang.Integer;@33b451e4' to type 'Integer[]'
2017-12-02 22:05:12,182 DEBUG o.a.c.b.c.AbstractConverter [http-nio-8081-exec-4]     No conversion required, value is already a Integer[]
2017-12-02 22:05:12,182 DEBUG o.a.c.b.c.AbstractConverter [http-nio-8081-exec-4] Setting default value: [Ljava.lang.Long;@270d73ae
2017-12-02 22:05:12,182 DEBUG o.a.c.b.c.AbstractConverter [http-nio-8081-exec-4] Converting 'Long[]' value '[Ljava.lang.Long;@270d73ae' to type 'Long[]'
2017-12-02 22:05:12,183 DEBUG o.a.c.b.c.AbstractConverter [http-nio-8081-exec-4]     No conversion required, value is already a Long[]
2017-12-02 22:05:12,183 DEBUG o.a.c.b.c.AbstractConverter [http-nio-8081-exec-4] Setting default value: [Ljava.lang.Short;@a62a44f
2017-12-02 22:05:12,183 DEBUG o.a.c.b.c.AbstractConverter [http-nio-8081-exec-4] Converting 'Short[]' value '[Ljava.lang.Short;@a62a44f' to type 'Short[]'
2017-12-02 22:05:12,183 DEBUG o.a.c.b.c.AbstractConverter [http-nio-8081-exec-4]     No conversion required, value is already a Short[]
2017-12-02 22:05:12,184 DEBUG o.a.c.b.c.AbstractConverter [http-nio-8081-exec-4] Setting default value: [Ljava.lang.String;@308f649a
2017-12-02 22:05:12,184 DEBUG o.a.c.b.c.AbstractConverter [http-nio-8081-exec-4] Converting 'String[]' value '[Ljava.lang.String;@308f649a' to type 'String[]'
2017-12-02 22:05:12,184 DEBUG o.a.c.b.c.AbstractConverter [http-nio-8081-exec-4]     No conversion required, value is already a String[]
2017-12-02 22:05:12,185 DEBUG o.a.c.b.c.AbstractConverter [http-nio-8081-exec-4] Setting default value: [Ljava.lang.Class;@6c76b2cd
2017-12-02 22:05:12,185 DEBUG o.a.c.b.c.AbstractConverter [http-nio-8081-exec-4] Converting 'Class[]' value '[Ljava.lang.Class;@6c76b2cd' to type 'Class[]'
2017-12-02 22:05:12,185 DEBUG o.a.c.b.c.AbstractConverter [http-nio-8081-exec-4]     No conversion required, value is already a Class[]
2017-12-02 22:05:12,185 DEBUG o.a.c.b.c.AbstractConverter [http-nio-8081-exec-4] Setting default value: [Ljava.util.Date;@732923d0
2017-12-02 22:05:12,186 DEBUG o.a.c.b.c.AbstractConverter [http-nio-8081-exec-4] Converting 'Date[]' value '[Ljava.util.Date;@732923d0' to type 'Date[]'
2017-12-02 22:05:12,186 DEBUG o.a.c.b.c.AbstractConverter [http-nio-8081-exec-4]     No conversion required, value is already a Date[]
2017-12-02 22:05:12,186 DEBUG o.a.c.b.c.AbstractConverter [http-nio-8081-exec-4] Setting default value: [Ljava.util.Calendar;@5bbca6bd
2017-12-02 22:05:12,187 DEBUG o.a.c.b.c.AbstractConverter [http-nio-8081-exec-4] Converting 'Calendar[]' value '[Ljava.util.Calendar;@5bbca6bd' to type 'Calendar[]'
2017-12-02 22:05:12,187 DEBUG o.a.c.b.c.AbstractConverter [http-nio-8081-exec-4]     No conversion required, value is already a Calendar[]
2017-12-02 22:05:12,187 DEBUG o.a.c.b.c.AbstractConverter [http-nio-8081-exec-4] Setting default value: [Ljava.io.File;@388813fe
2017-12-02 22:05:12,188 DEBUG o.a.c.b.c.AbstractConverter [http-nio-8081-exec-4] Converting 'java.io.File[]' value '[Ljava.io.File;@388813fe' to type 'java.io.File[]'
2017-12-02 22:05:12,188 DEBUG o.a.c.b.c.AbstractConverter [http-nio-8081-exec-4]     No conversion required, value is already a java.io.File[]
2017-12-02 22:05:12,188 DEBUG o.a.c.b.c.AbstractConverter [http-nio-8081-exec-4] Setting default value: [Ljava.sql.Date;@734ab1d0
2017-12-02 22:05:12,189 DEBUG o.a.c.b.c.AbstractConverter [http-nio-8081-exec-4] Converting 'java.sql.Date[]' value '[Ljava.sql.Date;@734ab1d0' to type 'java.sql.Date[]'
2017-12-02 22:05:12,189 DEBUG o.a.c.b.c.AbstractConverter [http-nio-8081-exec-4]     No conversion required, value is already a java.sql.Date[]
2017-12-02 22:05:12,189 DEBUG o.a.c.b.c.AbstractConverter [http-nio-8081-exec-4] Setting default value: [Ljava.sql.Time;@253014bd
2017-12-02 22:05:12,190 DEBUG o.a.c.b.c.AbstractConverter [http-nio-8081-exec-4] Converting 'java.sql.Time[]' value '[Ljava.sql.Time;@253014bd' to type 'java.sql.Time[]'
2017-12-02 22:05:12,190 DEBUG o.a.c.b.c.AbstractConverter [http-nio-8081-exec-4]     No conversion required, value is already a java.sql.Time[]
2017-12-02 22:05:12,190 DEBUG o.a.c.b.c.AbstractConverter [http-nio-8081-exec-4] Setting default value: [Ljava.sql.Timestamp;@25f5eb1b
2017-12-02 22:05:12,191 DEBUG o.a.c.b.c.AbstractConverter [http-nio-8081-exec-4] Converting 'java.sql.Timestamp[]' value '[Ljava.sql.Timestamp;@25f5eb1b' to type 'java.sql.Timestamp[]'
2017-12-02 22:05:12,191 DEBUG o.a.c.b.c.AbstractConverter [http-nio-8081-exec-4]     No conversion required, value is already a java.sql.Timestamp[]
2017-12-02 22:05:12,192 DEBUG o.a.c.b.c.AbstractConverter [http-nio-8081-exec-4] Setting default value: [Ljava.net.URL;@22e0a226
2017-12-02 22:05:12,192 DEBUG o.a.c.b.c.AbstractConverter [http-nio-8081-exec-4] Converting 'java.net.URL[]' value '[Ljava.net.URL;@22e0a226' to type 'java.net.URL[]'
2017-12-02 22:05:12,192 DEBUG o.a.c.b.c.AbstractConverter [http-nio-8081-exec-4]     No conversion required, value is already a java.net.URL[]
2017-12-02 22:05:12,273 INFO w.Search [http-nio-8081-exec-4] 12/11/1996
2017-12-02 22:07:04,591 INFO w.Search [http-nio-8081-exec-6] 12/11/1996
2017-12-02 22:51:15,361 DEBUG o.a.c.b.c.AbstractConverter [http-nio-8081-exec-4] Setting default value: false
2017-12-02 22:51:15,371 DEBUG o.a.c.b.c.AbstractConverter [http-nio-8081-exec-4] Converting 'Boolean' value 'false' to type 'Boolean'
2017-12-02 22:51:15,371 DEBUG o.a.c.b.c.AbstractConverter [http-nio-8081-exec-4]     No conversion required, value is already a Boolean
2017-12-02 22:51:15,374 DEBUG o.a.c.b.c.AbstractConverter [http-nio-8081-exec-4] Setting default value: 0
2017-12-02 22:51:15,374 DEBUG o.a.c.b.c.AbstractConverter [http-nio-8081-exec-4] Converting 'Integer' value '0' to type 'Byte'
2017-12-02 22:51:15,375 DEBUG o.a.c.b.c.AbstractConverter [http-nio-8081-exec-4]     Converted to Byte value '0'
2017-12-02 22:51:15,376 DEBUG o.a.c.b.c.AbstractConverter [http-nio-8081-exec-4] Setting default value:  
2017-12-02 22:51:15,376 DEBUG o.a.c.b.c.AbstractConverter [http-nio-8081-exec-4] Converting 'Character' value ' ' to type 'Character'
2017-12-02 22:51:15,376 DEBUG o.a.c.b.c.AbstractConverter [http-nio-8081-exec-4]     No conversion required, value is already a Character
2017-12-02 22:51:15,377 DEBUG o.a.c.b.c.AbstractConverter [http-nio-8081-exec-4] Setting default value: 0
2017-12-02 22:51:15,377 DEBUG o.a.c.b.c.AbstractConverter [http-nio-8081-exec-4] Converting 'Integer' value '0' to type 'Double'
2017-12-02 22:51:15,377 DEBUG o.a.c.b.c.AbstractConverter [http-nio-8081-exec-4]     Converted to Double value '0.0'
2017-12-02 22:51:15,378 DEBUG o.a.c.b.c.AbstractConverter [http-nio-8081-exec-4] Setting default value: 0
2017-12-02 22:51:15,378 DEBUG o.a.c.b.c.AbstractConverter [http-nio-8081-exec-4] Converting 'Integer' value '0' to type 'Float'
2017-12-02 22:51:15,378 DEBUG o.a.c.b.c.AbstractConverter [http-nio-8081-exec-4]     Converted to Float value '0.0'
2017-12-02 22:51:15,379 DEBUG o.a.c.b.c.AbstractConverter [http-nio-8081-exec-4] Setting default value: 0
2017-12-02 22:51:15,380 DEBUG o.a.c.b.c.AbstractConverter [http-nio-8081-exec-4] Converting 'Integer' value '0' to type 'Integer'
2017-12-02 22:51:15,380 DEBUG o.a.c.b.c.AbstractConverter [http-nio-8081-exec-4]     No conversion required, value is already a Integer
2017-12-02 22:51:15,380 DEBUG o.a.c.b.c.AbstractConverter [http-nio-8081-exec-4] Setting default value: 0
2017-12-02 22:51:15,381 DEBUG o.a.c.b.c.AbstractConverter [http-nio-8081-exec-4] Converting 'Integer' value '0' to type 'Long'
2017-12-02 22:51:15,381 DEBUG o.a.c.b.c.AbstractConverter [http-nio-8081-exec-4]     Converted to Long value '0'
2017-12-02 22:51:15,382 DEBUG o.a.c.b.c.AbstractConverter [http-nio-8081-exec-4] Setting default value: 0
2017-12-02 22:51:15,383 DEBUG o.a.c.b.c.AbstractConverter [http-nio-8081-exec-4] Converting 'Integer' value '0' to type 'Short'
2017-12-02 22:51:15,384 DEBUG o.a.c.b.c.AbstractConverter [http-nio-8081-exec-4]     Converted to Short value '0'
2017-12-02 22:51:15,387 DEBUG o.a.c.b.c.AbstractConverter [http-nio-8081-exec-4] Setting default value: 0.0
2017-12-02 22:51:15,388 DEBUG o.a.c.b.c.AbstractConverter [http-nio-8081-exec-4] Converting 'BigDecimal' value '0.0' to type 'BigDecimal'
2017-12-02 22:51:15,388 DEBUG o.a.c.b.c.AbstractConverter [http-nio-8081-exec-4]     No conversion required, value is already a BigDecimal
2017-12-02 22:51:15,391 DEBUG o.a.c.b.c.AbstractConverter [http-nio-8081-exec-4] Setting default value: 0
2017-12-02 22:51:15,391 DEBUG o.a.c.b.c.AbstractConverter [http-nio-8081-exec-4] Converting 'BigInteger' value '0' to type 'BigInteger'
2017-12-02 22:51:15,391 DEBUG o.a.c.b.c.AbstractConverter [http-nio-8081-exec-4]     No conversion required, value is already a BigInteger
2017-12-02 22:51:15,392 DEBUG o.a.c.b.c.AbstractConverter [http-nio-8081-exec-4] Setting default value: false
2017-12-02 22:51:15,392 DEBUG o.a.c.b.c.AbstractConverter [http-nio-8081-exec-4] Converting 'Boolean' value 'false' to type 'Boolean'
2017-12-02 22:51:15,393 DEBUG o.a.c.b.c.AbstractConverter [http-nio-8081-exec-4]     No conversion required, value is already a Boolean
2017-12-02 22:51:15,394 DEBUG o.a.c.b.c.AbstractConverter [http-nio-8081-exec-4] Setting default value: 0
2017-12-02 22:51:15,395 DEBUG o.a.c.b.c.AbstractConverter [http-nio-8081-exec-4] Converting 'Integer' value '0' to type 'Byte'
2017-12-02 22:51:15,395 DEBUG o.a.c.b.c.AbstractConverter [http-nio-8081-exec-4]     Converted to Byte value '0'
2017-12-02 22:51:15,395 DEBUG o.a.c.b.c.AbstractConverter [http-nio-8081-exec-4] Setting default value:  
2017-12-02 22:51:15,396 DEBUG o.a.c.b.c.AbstractConverter [http-nio-8081-exec-4] Converting 'Character' value ' ' to type 'Character'
2017-12-02 22:51:15,397 DEBUG o.a.c.b.c.AbstractConverter [http-nio-8081-exec-4]     No conversion required, value is already a Character
2017-12-02 22:51:15,397 DEBUG o.a.c.b.c.AbstractConverter [http-nio-8081-exec-4] Setting default value: 0
2017-12-02 22:51:15,397 DEBUG o.a.c.b.c.AbstractConverter [http-nio-8081-exec-4] Converting 'Integer' value '0' to type 'Double'
2017-12-02 22:51:15,398 DEBUG o.a.c.b.c.AbstractConverter [http-nio-8081-exec-4]     Converted to Double value '0.0'
2017-12-02 22:51:15,398 DEBUG o.a.c.b.c.AbstractConverter [http-nio-8081-exec-4] Setting default value: 0
2017-12-02 22:51:15,398 DEBUG o.a.c.b.c.AbstractConverter [http-nio-8081-exec-4] Converting 'Integer' value '0' to type 'Float'
2017-12-02 22:51:15,399 DEBUG o.a.c.b.c.AbstractConverter [http-nio-8081-exec-4]     Converted to Float value '0.0'
2017-12-02 22:51:15,399 DEBUG o.a.c.b.c.AbstractConverter [http-nio-8081-exec-4] Setting default value: 0
2017-12-02 22:51:15,399 DEBUG o.a.c.b.c.AbstractConverter [http-nio-8081-exec-4] Converting 'Integer' value '0' to type 'Integer'
2017-12-02 22:51:15,400 DEBUG o.a.c.b.c.AbstractConverter [http-nio-8081-exec-4]     No conversion required, value is already a Integer
2017-12-02 22:51:15,400 DEBUG o.a.c.b.c.AbstractConverter [http-nio-8081-exec-4] Setting default value: 0
2017-12-02 22:51:15,400 DEBUG o.a.c.b.c.AbstractConverter [http-nio-8081-exec-4] Converting 'Integer' value '0' to type 'Long'
2017-12-02 22:51:15,400 DEBUG o.a.c.b.c.AbstractConverter [http-nio-8081-exec-4]     Converted to Long value '0'
2017-12-02 22:51:15,401 DEBUG o.a.c.b.c.AbstractConverter [http-nio-8081-exec-4] Setting default value: 0
2017-12-02 22:51:15,401 DEBUG o.a.c.b.c.AbstractConverter [http-nio-8081-exec-4] Converting 'Integer' value '0' to type 'Short'
2017-12-02 22:51:15,401 DEBUG o.a.c.b.c.AbstractConverter [http-nio-8081-exec-4]     Converted to Short value '0'
2017-12-02 22:51:15,402 DEBUG o.a.c.b.c.AbstractConverter [http-nio-8081-exec-4] Setting default value: 
2017-12-02 22:51:15,403 DEBUG o.a.c.b.c.AbstractConverter [http-nio-8081-exec-4] Converting 'String' value '' to type 'String'
2017-12-02 22:51:15,415 DEBUG o.a.c.b.c.AbstractConverter [http-nio-8081-exec-4] Setting default value: [Z@2a2a07e
2017-12-02 22:51:15,415 DEBUG o.a.c.b.c.AbstractConverter [http-nio-8081-exec-4] Converting 'boolean[]' value '[Z@2a2a07e' to type 'boolean[]'
2017-12-02 22:51:15,416 DEBUG o.a.c.b.c.AbstractConverter [http-nio-8081-exec-4]     No conversion required, value is already a boolean[]
2017-12-02 22:51:15,416 DEBUG o.a.c.b.c.AbstractConverter [http-nio-8081-exec-4] Setting default value: [B@75598dc8
2017-12-02 22:51:15,416 DEBUG o.a.c.b.c.AbstractConverter [http-nio-8081-exec-4] Converting 'byte[]' value '[B@75598dc8' to type 'byte[]'
2017-12-02 22:51:15,416 DEBUG o.a.c.b.c.AbstractConverter [http-nio-8081-exec-4]     No conversion required, value is already a byte[]
2017-12-02 22:51:15,417 DEBUG o.a.c.b.c.AbstractConverter [http-nio-8081-exec-4] Setting default value: [C@61dd325
2017-12-02 22:51:15,417 DEBUG o.a.c.b.c.AbstractConverter [http-nio-8081-exec-4] Converting 'char[]' value '[C@61dd325' to type 'char[]'
2017-12-02 22:51:15,417 DEBUG o.a.c.b.c.AbstractConverter [http-nio-8081-exec-4]     No conversion required, value is already a char[]
2017-12-02 22:51:15,417 DEBUG o.a.c.b.c.AbstractConverter [http-nio-8081-exec-4] Setting default value: [D@2653e0ab
2017-12-02 22:51:15,418 DEBUG o.a.c.b.c.AbstractConverter [http-nio-8081-exec-4] Converting 'double[]' value '[D@2653e0ab' to type 'double[]'
2017-12-02 22:51:15,418 DEBUG o.a.c.b.c.AbstractConverter [http-nio-8081-exec-4]     No conversion required, value is already a double[]
2017-12-02 22:51:15,418 DEBUG o.a.c.b.c.AbstractConverter [http-nio-8081-exec-4] Setting default value: [F@31e5154f
2017-12-02 22:51:15,418 DEBUG o.a.c.b.c.AbstractConverter [http-nio-8081-exec-4] Converting 'float[]' value '[F@31e5154f' to type 'float[]'
2017-12-02 22:51:15,419 DEBUG o.a.c.b.c.AbstractConverter [http-nio-8081-exec-4]     No conversion required, value is already a float[]
2017-12-02 22:51:15,419 DEBUG o.a.c.b.c.AbstractConverter [http-nio-8081-exec-4] Setting default value: [I@86be976
2017-12-02 22:51:15,419 DEBUG o.a.c.b.c.AbstractConverter [http-nio-8081-exec-4] Converting 'int[]' value '[I@86be976' to type 'int[]'
2017-12-02 22:51:15,419 DEBUG o.a.c.b.c.AbstractConverter [http-nio-8081-exec-4]     No conversion required, value is already a int[]
2017-12-02 22:51:15,420 DEBUG o.a.c.b.c.AbstractConverter [http-nio-8081-exec-4] Setting default value: [J@600787a5
2017-12-02 22:51:15,420 DEBUG o.a.c.b.c.AbstractConverter [http-nio-8081-exec-4] Converting 'long[]' value '[J@600787a5' to type 'long[]'
2017-12-02 22:51:15,420 DEBUG o.a.c.b.c.AbstractConverter [http-nio-8081-exec-4]     No conversion required, value is already a long[]
2017-12-02 22:51:15,420 DEBUG o.a.c.b.c.AbstractConverter [http-nio-8081-exec-4] Setting default value: [S@59e865b6
2017-12-02 22:51:15,420 DEBUG o.a.c.b.c.AbstractConverter [http-nio-8081-exec-4] Converting 'short[]' value '[S@59e865b6' to type 'short[]'
2017-12-02 22:51:15,421 DEBUG o.a.c.b.c.AbstractConverter [http-nio-8081-exec-4]     No conversion required, value is already a short[]
2017-12-02 22:51:15,421 DEBUG o.a.c.b.c.AbstractConverter [http-nio-8081-exec-4] Setting default value: [Ljava.math.BigDecimal;@40be5ca9
2017-12-02 22:51:15,421 DEBUG o.a.c.b.c.AbstractConverter [http-nio-8081-exec-4] Converting 'BigDecimal[]' value '[Ljava.math.BigDecimal;@40be5ca9' to type 'BigDecimal[]'
2017-12-02 22:51:15,421 DEBUG o.a.c.b.c.AbstractConverter [http-nio-8081-exec-4]     No conversion required, value is already a BigDecimal[]
2017-12-02 22:51:15,422 DEBUG o.a.c.b.c.AbstractConverter [http-nio-8081-exec-4] Setting default value: [Ljava.math.BigInteger;@4b2faa72
2017-12-02 22:51:15,422 DEBUG o.a.c.b.c.AbstractConverter [http-nio-8081-exec-4] Converting 'BigInteger[]' value '[Ljava.math.BigInteger;@4b2faa72' to type 'BigInteger[]'
2017-12-02 22:51:15,422 DEBUG o.a.c.b.c.AbstractConverter [http-nio-8081-exec-4]     No conversion required, value is already a BigInteger[]
2017-12-02 22:51:15,422 DEBUG o.a.c.b.c.AbstractConverter [http-nio-8081-exec-4] Setting default value: [Ljava.lang.Boolean;@6319e6e7
2017-12-02 22:51:15,423 DEBUG o.a.c.b.c.AbstractConverter [http-nio-8081-exec-4] Converting 'Boolean[]' value '[Ljava.lang.Boolean;@6319e6e7' to type 'Boolean[]'
2017-12-02 22:51:15,423 DEBUG o.a.c.b.c.AbstractConverter [http-nio-8081-exec-4]     No conversion required, value is already a Boolean[]
2017-12-02 22:51:15,423 DEBUG o.a.c.b.c.AbstractConverter [http-nio-8081-exec-4] Setting default value: [Ljava.lang.Byte;@ba8bb54
2017-12-02 22:51:15,423 DEBUG o.a.c.b.c.AbstractConverter [http-nio-8081-exec-4] Converting 'Byte[]' value '[Ljava.lang.Byte;@ba8bb54' to type 'Byte[]'
2017-12-02 22:51:15,424 DEBUG o.a.c.b.c.AbstractConverter [http-nio-8081-exec-4]     No conversion required, value is already a Byte[]
2017-12-02 22:51:15,424 DEBUG o.a.c.b.c.AbstractConverter [http-nio-8081-exec-4] Setting default value: [Ljava.lang.Character;@7315b99d
2017-12-02 22:51:15,424 DEBUG o.a.c.b.c.AbstractConverter [http-nio-8081-exec-4] Converting 'Character[]' value '[Ljava.lang.Character;@7315b99d' to type 'Character[]'
2017-12-02 22:51:15,424 DEBUG o.a.c.b.c.AbstractConverter [http-nio-8081-exec-4]     No conversion required, value is already a Character[]
2017-12-02 22:51:15,425 DEBUG o.a.c.b.c.AbstractConverter [http-nio-8081-exec-4] Setting default value: [Ljava.lang.Double;@17b498db
2017-12-02 22:51:15,425 DEBUG o.a.c.b.c.AbstractConverter [http-nio-8081-exec-4] Converting 'Double[]' value '[Ljava.lang.Double;@17b498db' to type 'Double[]'
2017-12-02 22:51:15,425 DEBUG o.a.c.b.c.AbstractConverter [http-nio-8081-exec-4]     No conversion required, value is already a Double[]
2017-12-02 22:51:15,425 DEBUG o.a.c.b.c.AbstractConverter [http-nio-8081-exec-4] Setting default value: [Ljava.lang.Float;@2cd3fb8f
2017-12-02 22:51:15,426 DEBUG o.a.c.b.c.AbstractConverter [http-nio-8081-exec-4] Converting 'Float[]' value '[Ljava.lang.Float;@2cd3fb8f' to type 'Float[]'
2017-12-02 22:51:15,426 DEBUG o.a.c.b.c.AbstractConverter [http-nio-8081-exec-4]     No conversion required, value is already a Float[]
2017-12-02 22:51:15,426 DEBUG o.a.c.b.c.AbstractConverter [http-nio-8081-exec-4] Setting default value: [Ljava.lang.Integer;@151452b
2017-12-02 22:51:15,426 DEBUG o.a.c.b.c.AbstractConverter [http-nio-8081-exec-4] Converting 'Integer[]' value '[Ljava.lang.Integer;@151452b' to type 'Integer[]'
2017-12-02 22:51:15,427 DEBUG o.a.c.b.c.AbstractConverter [http-nio-8081-exec-4]     No conversion required, value is already a Integer[]
2017-12-02 22:51:15,427 DEBUG o.a.c.b.c.AbstractConverter [http-nio-8081-exec-4] Setting default value: [Ljava.lang.Long;@6300da26
2017-12-02 22:51:15,427 DEBUG o.a.c.b.c.AbstractConverter [http-nio-8081-exec-4] Converting 'Long[]' value '[Ljava.lang.Long;@6300da26' to type 'Long[]'
2017-12-02 22:51:15,427 DEBUG o.a.c.b.c.AbstractConverter [http-nio-8081-exec-4]     No conversion required, value is already a Long[]
2017-12-02 22:51:15,427 DEBUG o.a.c.b.c.AbstractConverter [http-nio-8081-exec-4] Setting default value: [Ljava.lang.Short;@595d5736
2017-12-02 22:51:15,428 DEBUG o.a.c.b.c.AbstractConverter [http-nio-8081-exec-4] Converting 'Short[]' value '[Ljava.lang.Short;@595d5736' to type 'Short[]'
2017-12-02 22:51:15,429 DEBUG o.a.c.b.c.AbstractConverter [http-nio-8081-exec-4]     No conversion required, value is already a Short[]
2017-12-02 22:51:15,430 DEBUG o.a.c.b.c.AbstractConverter [http-nio-8081-exec-4] Setting default value: [Ljava.lang.String;@e0613be
2017-12-02 22:51:15,430 DEBUG o.a.c.b.c.AbstractConverter [http-nio-8081-exec-4] Converting 'String[]' value '[Ljava.lang.String;@e0613be' to type 'String[]'
2017-12-02 22:51:15,430 DEBUG o.a.c.b.c.AbstractConverter [http-nio-8081-exec-4]     No conversion required, value is already a String[]
2017-12-02 22:51:15,431 DEBUG o.a.c.b.c.AbstractConverter [http-nio-8081-exec-4] Setting default value: [Ljava.lang.Class;@2dc97e3b
2017-12-02 22:51:15,432 DEBUG o.a.c.b.c.AbstractConverter [http-nio-8081-exec-4] Converting 'Class[]' value '[Ljava.lang.Class;@2dc97e3b' to type 'Class[]'
2017-12-02 22:51:15,432 DEBUG o.a.c.b.c.AbstractConverter [http-nio-8081-exec-4]     No conversion required, value is already a Class[]
2017-12-02 22:51:15,434 DEBUG o.a.c.b.c.AbstractConverter [http-nio-8081-exec-4] Setting default value: [Ljava.util.Date;@1e1e6853
2017-12-02 22:51:15,434 DEBUG o.a.c.b.c.AbstractConverter [http-nio-8081-exec-4] Converting 'Date[]' value '[Ljava.util.Date;@1e1e6853' to type 'Date[]'
2017-12-02 22:51:15,435 DEBUG o.a.c.b.c.AbstractConverter [http-nio-8081-exec-4]     No conversion required, value is already a Date[]
2017-12-02 22:51:15,435 DEBUG o.a.c.b.c.AbstractConverter [http-nio-8081-exec-4] Setting default value: [Ljava.util.Calendar;@5a5b10d3
2017-12-02 22:51:15,435 DEBUG o.a.c.b.c.AbstractConverter [http-nio-8081-exec-4] Converting 'Calendar[]' value '[Ljava.util.Calendar;@5a5b10d3' to type 'Calendar[]'
2017-12-02 22:51:15,435 DEBUG o.a.c.b.c.AbstractConverter [http-nio-8081-exec-4]     No conversion required, value is already a Calendar[]
2017-12-02 22:51:15,435 DEBUG o.a.c.b.c.AbstractConverter [http-nio-8081-exec-4] Setting default value: [Ljava.io.File;@51b43e36
2017-12-02 22:51:15,435 DEBUG o.a.c.b.c.AbstractConverter [http-nio-8081-exec-4] Converting 'java.io.File[]' value '[Ljava.io.File;@51b43e36' to type 'java.io.File[]'
2017-12-02 22:51:15,436 DEBUG o.a.c.b.c.AbstractConverter [http-nio-8081-exec-4]     No conversion required, value is already a java.io.File[]
2017-12-02 22:51:15,436 DEBUG o.a.c.b.c.AbstractConverter [http-nio-8081-exec-4] Setting default value: [Ljava.sql.Date;@4422cb69
2017-12-02 22:51:15,436 DEBUG o.a.c.b.c.AbstractConverter [http-nio-8081-exec-4] Converting 'java.sql.Date[]' value '[Ljava.sql.Date;@4422cb69' to type 'java.sql.Date[]'
2017-12-02 22:51:15,436 DEBUG o.a.c.b.c.AbstractConverter [http-nio-8081-exec-4]     No conversion required, value is already a java.sql.Date[]
2017-12-02 22:51:15,437 DEBUG o.a.c.b.c.AbstractConverter [http-nio-8081-exec-4] Setting default value: [Ljava.sql.Time;@24aa926e
2017-12-02 22:51:15,438 DEBUG o.a.c.b.c.AbstractConverter [http-nio-8081-exec-4] Converting 'java.sql.Time[]' value '[Ljava.sql.Time;@24aa926e' to type 'java.sql.Time[]'
2017-12-02 22:51:15,438 DEBUG o.a.c.b.c.AbstractConverter [http-nio-8081-exec-4]     No conversion required, value is already a java.sql.Time[]
2017-12-02 22:51:15,438 DEBUG o.a.c.b.c.AbstractConverter [http-nio-8081-exec-4] Setting default value: [Ljava.sql.Timestamp;@5c61c9cb
2017-12-02 22:51:15,438 DEBUG o.a.c.b.c.AbstractConverter [http-nio-8081-exec-4] Converting 'java.sql.Timestamp[]' value '[Ljava.sql.Timestamp;@5c61c9cb' to type 'java.sql.Timestamp[]'
2017-12-02 22:51:15,439 DEBUG o.a.c.b.c.AbstractConverter [http-nio-8081-exec-4]     No conversion required, value is already a java.sql.Timestamp[]
2017-12-02 22:51:15,439 DEBUG o.a.c.b.c.AbstractConverter [http-nio-8081-exec-4] Setting default value: [Ljava.net.URL;@283792c
2017-12-02 22:51:15,440 DEBUG o.a.c.b.c.AbstractConverter [http-nio-8081-exec-4] Converting 'java.net.URL[]' value '[Ljava.net.URL;@283792c' to type 'java.net.URL[]'
2017-12-02 22:51:15,440 DEBUG o.a.c.b.c.AbstractConverter [http-nio-8081-exec-4]     No conversion required, value is already a java.net.URL[]
2017-12-02 22:51:15,526 INFO w.Search [http-nio-8081-exec-4] 12/11/1996
2017-12-02 22:52:32,696 DEBUG o.a.c.b.c.AbstractConverter [http-nio-8081-exec-4] Setting default value: false
2017-12-02 22:52:32,703 DEBUG o.a.c.b.c.AbstractConverter [http-nio-8081-exec-4] Converting 'Boolean' value 'false' to type 'Boolean'
2017-12-02 22:52:32,704 DEBUG o.a.c.b.c.AbstractConverter [http-nio-8081-exec-4]     No conversion required, value is already a Boolean
2017-12-02 22:52:32,706 DEBUG o.a.c.b.c.AbstractConverter [http-nio-8081-exec-4] Setting default value: 0
2017-12-02 22:52:32,706 DEBUG o.a.c.b.c.AbstractConverter [http-nio-8081-exec-4] Converting 'Integer' value '0' to type 'Byte'
2017-12-02 22:52:32,707 DEBUG o.a.c.b.c.AbstractConverter [http-nio-8081-exec-4]     Converted to Byte value '0'
2017-12-02 22:52:32,707 DEBUG o.a.c.b.c.AbstractConverter [http-nio-8081-exec-4] Setting default value:  
2017-12-02 22:52:32,708 DEBUG o.a.c.b.c.AbstractConverter [http-nio-8081-exec-4] Converting 'Character' value ' ' to type 'Character'
2017-12-02 22:52:32,708 DEBUG o.a.c.b.c.AbstractConverter [http-nio-8081-exec-4]     No conversion required, value is already a Character
2017-12-02 22:52:32,709 DEBUG o.a.c.b.c.AbstractConverter [http-nio-8081-exec-4] Setting default value: 0
2017-12-02 22:52:32,709 DEBUG o.a.c.b.c.AbstractConverter [http-nio-8081-exec-4] Converting 'Integer' value '0' to type 'Double'
2017-12-02 22:52:32,709 DEBUG o.a.c.b.c.AbstractConverter [http-nio-8081-exec-4]     Converted to Double value '0.0'
2017-12-02 22:52:32,710 DEBUG o.a.c.b.c.AbstractConverter [http-nio-8081-exec-4] Setting default value: 0
2017-12-02 22:52:32,710 DEBUG o.a.c.b.c.AbstractConverter [http-nio-8081-exec-4] Converting 'Integer' value '0' to type 'Float'
2017-12-02 22:52:32,711 DEBUG o.a.c.b.c.AbstractConverter [http-nio-8081-exec-4]     Converted to Float value '0.0'
2017-12-02 22:52:32,711 DEBUG o.a.c.b.c.AbstractConverter [http-nio-8081-exec-4] Setting default value: 0
2017-12-02 22:52:32,712 DEBUG o.a.c.b.c.AbstractConverter [http-nio-8081-exec-4] Converting 'Integer' value '0' to type 'Integer'
2017-12-02 22:52:32,712 DEBUG o.a.c.b.c.AbstractConverter [http-nio-8081-exec-4]     No conversion required, value is already a Integer
2017-12-02 22:52:32,713 DEBUG o.a.c.b.c.AbstractConverter [http-nio-8081-exec-4] Setting default value: 0
2017-12-02 22:52:32,713 DEBUG o.a.c.b.c.AbstractConverter [http-nio-8081-exec-4] Converting 'Integer' value '0' to type 'Long'
2017-12-02 22:52:32,713 DEBUG o.a.c.b.c.AbstractConverter [http-nio-8081-exec-4]     Converted to Long value '0'
2017-12-02 22:52:32,714 DEBUG o.a.c.b.c.AbstractConverter [http-nio-8081-exec-4] Setting default value: 0
2017-12-02 22:52:32,714 DEBUG o.a.c.b.c.AbstractConverter [http-nio-8081-exec-4] Converting 'Integer' value '0' to type 'Short'
2017-12-02 22:52:32,714 DEBUG o.a.c.b.c.AbstractConverter [http-nio-8081-exec-4]     Converted to Short value '0'
2017-12-02 22:52:32,715 DEBUG o.a.c.b.c.AbstractConverter [http-nio-8081-exec-4] Setting default value: 0.0
2017-12-02 22:52:32,716 DEBUG o.a.c.b.c.AbstractConverter [http-nio-8081-exec-4] Converting 'BigDecimal' value '0.0' to type 'BigDecimal'
2017-12-02 22:52:32,716 DEBUG o.a.c.b.c.AbstractConverter [http-nio-8081-exec-4]     No conversion required, value is already a BigDecimal
2017-12-02 22:52:32,717 DEBUG o.a.c.b.c.AbstractConverter [http-nio-8081-exec-4] Setting default value: 0
2017-12-02 22:52:32,717 DEBUG o.a.c.b.c.AbstractConverter [http-nio-8081-exec-4] Converting 'BigInteger' value '0' to type 'BigInteger'
2017-12-02 22:52:32,717 DEBUG o.a.c.b.c.AbstractConverter [http-nio-8081-exec-4]     No conversion required, value is already a BigInteger
2017-12-02 22:52:32,717 DEBUG o.a.c.b.c.AbstractConverter [http-nio-8081-exec-4] Setting default value: false
2017-12-02 22:52:32,718 DEBUG o.a.c.b.c.AbstractConverter [http-nio-8081-exec-4] Converting 'Boolean' value 'false' to type 'Boolean'
2017-12-02 22:52:32,718 DEBUG o.a.c.b.c.AbstractConverter [http-nio-8081-exec-4]     No conversion required, value is already a Boolean
2017-12-02 22:52:32,718 DEBUG o.a.c.b.c.AbstractConverter [http-nio-8081-exec-4] Setting default value: 0
2017-12-02 22:52:32,718 DEBUG o.a.c.b.c.AbstractConverter [http-nio-8081-exec-4] Converting 'Integer' value '0' to type 'Byte'
2017-12-02 22:52:32,718 DEBUG o.a.c.b.c.AbstractConverter [http-nio-8081-exec-4]     Converted to Byte value '0'
2017-12-02 22:52:32,718 DEBUG o.a.c.b.c.AbstractConverter [http-nio-8081-exec-4] Setting default value:  
2017-12-02 22:52:32,719 DEBUG o.a.c.b.c.AbstractConverter [http-nio-8081-exec-4] Converting 'Character' value ' ' to type 'Character'
2017-12-02 22:52:32,719 DEBUG o.a.c.b.c.AbstractConverter [http-nio-8081-exec-4]     No conversion required, value is already a Character
2017-12-02 22:52:32,719 DEBUG o.a.c.b.c.AbstractConverter [http-nio-8081-exec-4] Setting default value: 0
2017-12-02 22:52:32,719 DEBUG o.a.c.b.c.AbstractConverter [http-nio-8081-exec-4] Converting 'Integer' value '0' to type 'Double'
2017-12-02 22:52:32,719 DEBUG o.a.c.b.c.AbstractConverter [http-nio-8081-exec-4]     Converted to Double value '0.0'
2017-12-02 22:52:32,719 DEBUG o.a.c.b.c.AbstractConverter [http-nio-8081-exec-4] Setting default value: 0
2017-12-02 22:52:32,720 DEBUG o.a.c.b.c.AbstractConverter [http-nio-8081-exec-4] Converting 'Integer' value '0' to type 'Float'
2017-12-02 22:52:32,720 DEBUG o.a.c.b.c.AbstractConverter [http-nio-8081-exec-4]     Converted to Float value '0.0'
2017-12-02 22:52:32,720 DEBUG o.a.c.b.c.AbstractConverter [http-nio-8081-exec-4] Setting default value: 0
2017-12-02 22:52:32,720 DEBUG o.a.c.b.c.AbstractConverter [http-nio-8081-exec-4] Converting 'Integer' value '0' to type 'Integer'
2017-12-02 22:52:32,720 DEBUG o.a.c.b.c.AbstractConverter [http-nio-8081-exec-4]     No conversion required, value is already a Integer
2017-12-02 22:52:32,720 DEBUG o.a.c.b.c.AbstractConverter [http-nio-8081-exec-4] Setting default value: 0
2017-12-02 22:52:32,721 DEBUG o.a.c.b.c.AbstractConverter [http-nio-8081-exec-4] Converting 'Integer' value '0' to type 'Long'
2017-12-02 22:52:32,721 DEBUG o.a.c.b.c.AbstractConverter [http-nio-8081-exec-4]     Converted to Long value '0'
2017-12-02 22:52:32,721 DEBUG o.a.c.b.c.AbstractConverter [http-nio-8081-exec-4] Setting default value: 0
2017-12-02 22:52:32,721 DEBUG o.a.c.b.c.AbstractConverter [http-nio-8081-exec-4] Converting 'Integer' value '0' to type 'Short'
2017-12-02 22:52:32,721 DEBUG o.a.c.b.c.AbstractConverter [http-nio-8081-exec-4]     Converted to Short value '0'
2017-12-02 22:52:32,722 DEBUG o.a.c.b.c.AbstractConverter [http-nio-8081-exec-4] Setting default value: 
2017-12-02 22:52:32,722 DEBUG o.a.c.b.c.AbstractConverter [http-nio-8081-exec-4] Converting 'String' value '' to type 'String'
2017-12-02 22:52:32,728 DEBUG o.a.c.b.c.AbstractConverter [http-nio-8081-exec-4] Setting default value: [Z@5f35c398
2017-12-02 22:52:32,728 DEBUG o.a.c.b.c.AbstractConverter [http-nio-8081-exec-4] Converting 'boolean[]' value '[Z@5f35c398' to type 'boolean[]'
2017-12-02 22:52:32,728 DEBUG o.a.c.b.c.AbstractConverter [http-nio-8081-exec-4]     No conversion required, value is already a boolean[]
2017-12-02 22:52:32,728 DEBUG o.a.c.b.c.AbstractConverter [http-nio-8081-exec-4] Setting default value: [B@2c744df4
2017-12-02 22:52:32,728 DEBUG o.a.c.b.c.AbstractConverter [http-nio-8081-exec-4] Converting 'byte[]' value '[B@2c744df4' to type 'byte[]'
2017-12-02 22:52:32,728 DEBUG o.a.c.b.c.AbstractConverter [http-nio-8081-exec-4]     No conversion required, value is already a byte[]
2017-12-02 22:52:32,729 DEBUG o.a.c.b.c.AbstractConverter [http-nio-8081-exec-4] Setting default value: [C@49fd53bb
2017-12-02 22:52:32,729 DEBUG o.a.c.b.c.AbstractConverter [http-nio-8081-exec-4] Converting 'char[]' value '[C@49fd53bb' to type 'char[]'
2017-12-02 22:52:32,729 DEBUG o.a.c.b.c.AbstractConverter [http-nio-8081-exec-4]     No conversion required, value is already a char[]
2017-12-02 22:52:32,729 DEBUG o.a.c.b.c.AbstractConverter [http-nio-8081-exec-4] Setting default value: [D@7da1be93
2017-12-02 22:52:32,729 DEBUG o.a.c.b.c.AbstractConverter [http-nio-8081-exec-4] Converting 'double[]' value '[D@7da1be93' to type 'double[]'
2017-12-02 22:52:32,729 DEBUG o.a.c.b.c.AbstractConverter [http-nio-8081-exec-4]     No conversion required, value is already a double[]
2017-12-02 22:52:32,730 DEBUG o.a.c.b.c.AbstractConverter [http-nio-8081-exec-4] Setting default value: [F@c799bbc
2017-12-02 22:52:32,730 DEBUG o.a.c.b.c.AbstractConverter [http-nio-8081-exec-4] Converting 'float[]' value '[F@c799bbc' to type 'float[]'
2017-12-02 22:52:32,730 DEBUG o.a.c.b.c.AbstractConverter [http-nio-8081-exec-4]     No conversion required, value is already a float[]
2017-12-02 22:52:32,730 DEBUG o.a.c.b.c.AbstractConverter [http-nio-8081-exec-4] Setting default value: [I@26c7c2a
2017-12-02 22:52:32,730 DEBUG o.a.c.b.c.AbstractConverter [http-nio-8081-exec-4] Converting 'int[]' value '[I@26c7c2a' to type 'int[]'
2017-12-02 22:52:32,730 DEBUG o.a.c.b.c.AbstractConverter [http-nio-8081-exec-4]     No conversion required, value is already a int[]
2017-12-02 22:52:32,730 DEBUG o.a.c.b.c.AbstractConverter [http-nio-8081-exec-4] Setting default value: [J@21af8757
2017-12-02 22:52:32,730 DEBUG o.a.c.b.c.AbstractConverter [http-nio-8081-exec-4] Converting 'long[]' value '[J@21af8757' to type 'long[]'
2017-12-02 22:52:32,731 DEBUG o.a.c.b.c.AbstractConverter [http-nio-8081-exec-4]     No conversion required, value is already a long[]
2017-12-02 22:52:32,731 DEBUG o.a.c.b.c.AbstractConverter [http-nio-8081-exec-4] Setting default value: [S@518af0d7
2017-12-02 22:52:32,731 DEBUG o.a.c.b.c.AbstractConverter [http-nio-8081-exec-4] Converting 'short[]' value '[S@518af0d7' to type 'short[]'
2017-12-02 22:52:32,731 DEBUG o.a.c.b.c.AbstractConverter [http-nio-8081-exec-4]     No conversion required, value is already a short[]
2017-12-02 22:52:32,731 DEBUG o.a.c.b.c.AbstractConverter [http-nio-8081-exec-4] Setting default value: [Ljava.math.BigDecimal;@116e2521
2017-12-02 22:52:32,731 DEBUG o.a.c.b.c.AbstractConverter [http-nio-8081-exec-4] Converting 'BigDecimal[]' value '[Ljava.math.BigDecimal;@116e2521' to type 'BigDecimal[]'
2017-12-02 22:52:32,732 DEBUG o.a.c.b.c.AbstractConverter [http-nio-8081-exec-4]     No conversion required, value is already a BigDecimal[]
2017-12-02 22:52:32,732 DEBUG o.a.c.b.c.AbstractConverter [http-nio-8081-exec-4] Setting default value: [Ljava.math.BigInteger;@2dca3262
2017-12-02 22:52:32,732 DEBUG o.a.c.b.c.AbstractConverter [http-nio-8081-exec-4] Converting 'BigInteger[]' value '[Ljava.math.BigInteger;@2dca3262' to type 'BigInteger[]'
2017-12-02 22:52:32,732 DEBUG o.a.c.b.c.AbstractConverter [http-nio-8081-exec-4]     No conversion required, value is already a BigInteger[]
2017-12-02 22:52:32,732 DEBUG o.a.c.b.c.AbstractConverter [http-nio-8081-exec-4] Setting default value: [Ljava.lang.Boolean;@4be71c30
2017-12-02 22:52:32,732 DEBUG o.a.c.b.c.AbstractConverter [http-nio-8081-exec-4] Converting 'Boolean[]' value '[Ljava.lang.Boolean;@4be71c30' to type 'Boolean[]'
2017-12-02 22:52:32,732 DEBUG o.a.c.b.c.AbstractConverter [http-nio-8081-exec-4]     No conversion required, value is already a Boolean[]
2017-12-02 22:52:32,733 DEBUG o.a.c.b.c.AbstractConverter [http-nio-8081-exec-4] Setting default value: [Ljava.lang.Byte;@53949f36
2017-12-02 22:52:32,733 DEBUG o.a.c.b.c.AbstractConverter [http-nio-8081-exec-4] Converting 'Byte[]' value '[Ljava.lang.Byte;@53949f36' to type 'Byte[]'
2017-12-02 22:52:32,733 DEBUG o.a.c.b.c.AbstractConverter [http-nio-8081-exec-4]     No conversion required, value is already a Byte[]
2017-12-02 22:52:32,733 DEBUG o.a.c.b.c.AbstractConverter [http-nio-8081-exec-4] Setting default value: [Ljava.lang.Character;@8138993
2017-12-02 22:52:32,733 DEBUG o.a.c.b.c.AbstractConverter [http-nio-8081-exec-4] Converting 'Character[]' value '[Ljava.lang.Character;@8138993' to type 'Character[]'
2017-12-02 22:52:32,734 DEBUG o.a.c.b.c.AbstractConverter [http-nio-8081-exec-4]     No conversion required, value is already a Character[]
2017-12-02 22:52:32,734 DEBUG o.a.c.b.c.AbstractConverter [http-nio-8081-exec-4] Setting default value: [Ljava.lang.Double;@5f948368
2017-12-02 22:52:32,734 DEBUG o.a.c.b.c.AbstractConverter [http-nio-8081-exec-4] Converting 'Double[]' value '[Ljava.lang.Double;@5f948368' to type 'Double[]'
2017-12-02 22:52:32,734 DEBUG o.a.c.b.c.AbstractConverter [http-nio-8081-exec-4]     No conversion required, value is already a Double[]
2017-12-02 22:52:32,734 DEBUG o.a.c.b.c.AbstractConverter [http-nio-8081-exec-4] Setting default value: [Ljava.lang.Float;@90c4c4
2017-12-02 22:52:32,735 DEBUG o.a.c.b.c.AbstractConverter [http-nio-8081-exec-4] Converting 'Float[]' value '[Ljava.lang.Float;@90c4c4' to type 'Float[]'
2017-12-02 22:52:32,735 DEBUG o.a.c.b.c.AbstractConverter [http-nio-8081-exec-4]     No conversion required, value is already a Float[]
2017-12-02 22:52:32,735 DEBUG o.a.c.b.c.AbstractConverter [http-nio-8081-exec-4] Setting default value: [Ljava.lang.Integer;@2517ea15
2017-12-02 22:52:32,735 DEBUG o.a.c.b.c.AbstractConverter [http-nio-8081-exec-4] Converting 'Integer[]' value '[Ljava.lang.Integer;@2517ea15' to type 'Integer[]'
2017-12-02 22:52:32,735 DEBUG o.a.c.b.c.AbstractConverter [http-nio-8081-exec-4]     No conversion required, value is already a Integer[]
2017-12-02 22:52:32,735 DEBUG o.a.c.b.c.AbstractConverter [http-nio-8081-exec-4] Setting default value: [Ljava.lang.Long;@6b725c82
2017-12-02 22:52:32,735 DEBUG o.a.c.b.c.AbstractConverter [http-nio-8081-exec-4] Converting 'Long[]' value '[Ljava.lang.Long;@6b725c82' to type 'Long[]'
2017-12-02 22:52:32,736 DEBUG o.a.c.b.c.AbstractConverter [http-nio-8081-exec-4]     No conversion required, value is already a Long[]
2017-12-02 22:52:32,736 DEBUG o.a.c.b.c.AbstractConverter [http-nio-8081-exec-4] Setting default value: [Ljava.lang.Short;@326464f3
2017-12-02 22:52:32,736 DEBUG o.a.c.b.c.AbstractConverter [http-nio-8081-exec-4] Converting 'Short[]' value '[Ljava.lang.Short;@326464f3' to type 'Short[]'
2017-12-02 22:52:32,736 DEBUG o.a.c.b.c.AbstractConverter [http-nio-8081-exec-4]     No conversion required, value is already a Short[]
2017-12-02 22:52:32,736 DEBUG o.a.c.b.c.AbstractConverter [http-nio-8081-exec-4] Setting default value: [Ljava.lang.String;@36acb8c0
2017-12-02 22:52:32,736 DEBUG o.a.c.b.c.AbstractConverter [http-nio-8081-exec-4] Converting 'String[]' value '[Ljava.lang.String;@36acb8c0' to type 'String[]'
2017-12-02 22:52:32,736 DEBUG o.a.c.b.c.AbstractConverter [http-nio-8081-exec-4]     No conversion required, value is already a String[]
2017-12-02 22:52:32,737 DEBUG o.a.c.b.c.AbstractConverter [http-nio-8081-exec-4] Setting default value: [Ljava.lang.Class;@55535eda
2017-12-02 22:52:32,737 DEBUG o.a.c.b.c.AbstractConverter [http-nio-8081-exec-4] Converting 'Class[]' value '[Ljava.lang.Class;@55535eda' to type 'Class[]'
2017-12-02 22:52:32,737 DEBUG o.a.c.b.c.AbstractConverter [http-nio-8081-exec-4]     No conversion required, value is already a Class[]
2017-12-02 22:52:32,737 DEBUG o.a.c.b.c.AbstractConverter [http-nio-8081-exec-4] Setting default value: [Ljava.util.Date;@4481fb7f
2017-12-02 22:52:32,737 DEBUG o.a.c.b.c.AbstractConverter [http-nio-8081-exec-4] Converting 'Date[]' value '[Ljava.util.Date;@4481fb7f' to type 'Date[]'
2017-12-02 22:52:32,737 DEBUG o.a.c.b.c.AbstractConverter [http-nio-8081-exec-4]     No conversion required, value is already a Date[]
2017-12-02 22:52:32,737 DEBUG o.a.c.b.c.AbstractConverter [http-nio-8081-exec-4] Setting default value: [Ljava.util.Calendar;@4370e423
2017-12-02 22:52:32,738 DEBUG o.a.c.b.c.AbstractConverter [http-nio-8081-exec-4] Converting 'Calendar[]' value '[Ljava.util.Calendar;@4370e423' to type 'Calendar[]'
2017-12-02 22:52:32,738 DEBUG o.a.c.b.c.AbstractConverter [http-nio-8081-exec-4]     No conversion required, value is already a Calendar[]
2017-12-02 22:52:32,739 DEBUG o.a.c.b.c.AbstractConverter [http-nio-8081-exec-4] Setting default value: [Ljava.io.File;@478b9ff6
2017-12-02 22:52:32,739 DEBUG o.a.c.b.c.AbstractConverter [http-nio-8081-exec-4] Converting 'java.io.File[]' value '[Ljava.io.File;@478b9ff6' to type 'java.io.File[]'
2017-12-02 22:52:32,739 DEBUG o.a.c.b.c.AbstractConverter [http-nio-8081-exec-4]     No conversion required, value is already a java.io.File[]
2017-12-02 22:52:32,740 DEBUG o.a.c.b.c.AbstractConverter [http-nio-8081-exec-4] Setting default value: [Ljava.sql.Date;@5a2cf679
2017-12-02 22:52:32,740 DEBUG o.a.c.b.c.AbstractConverter [http-nio-8081-exec-4] Converting 'java.sql.Date[]' value '[Ljava.sql.Date;@5a2cf679' to type 'java.sql.Date[]'
2017-12-02 22:52:32,740 DEBUG o.a.c.b.c.AbstractConverter [http-nio-8081-exec-4]     No conversion required, value is already a java.sql.Date[]
2017-12-02 22:52:32,741 DEBUG o.a.c.b.c.AbstractConverter [http-nio-8081-exec-4] Setting default value: [Ljava.sql.Time;@1b3b1bf9
2017-12-02 22:52:32,742 DEBUG o.a.c.b.c.AbstractConverter [http-nio-8081-exec-4] Converting 'java.sql.Time[]' value '[Ljava.sql.Time;@1b3b1bf9' to type 'java.sql.Time[]'
2017-12-02 22:52:32,742 DEBUG o.a.c.b.c.AbstractConverter [http-nio-8081-exec-4]     No conversion required, value is already a java.sql.Time[]
2017-12-02 22:52:32,742 DEBUG o.a.c.b.c.AbstractConverter [http-nio-8081-exec-4] Setting default value: [Ljava.sql.Timestamp;@72378a9a
2017-12-02 22:52:32,743 DEBUG o.a.c.b.c.AbstractConverter [http-nio-8081-exec-4] Converting 'java.sql.Timestamp[]' value '[Ljava.sql.Timestamp;@72378a9a' to type 'java.sql.Timestamp[]'
2017-12-02 22:52:32,743 DEBUG o.a.c.b.c.AbstractConverter [http-nio-8081-exec-4]     No conversion required, value is already a java.sql.Timestamp[]
2017-12-02 22:52:32,743 DEBUG o.a.c.b.c.AbstractConverter [http-nio-8081-exec-4] Setting default value: [Ljava.net.URL;@13676cc4
2017-12-02 22:52:32,743 DEBUG o.a.c.b.c.AbstractConverter [http-nio-8081-exec-4] Converting 'java.net.URL[]' value '[Ljava.net.URL;@13676cc4' to type 'java.net.URL[]'
2017-12-02 22:52:32,743 DEBUG o.a.c.b.c.AbstractConverter [http-nio-8081-exec-4]     No conversion required, value is already a java.net.URL[]
2017-12-02 22:54:07,564 DEBUG o.a.c.b.c.AbstractConverter [http-nio-8081-exec-6] Setting default value: false
2017-12-02 22:54:07,573 DEBUG o.a.c.b.c.AbstractConverter [http-nio-8081-exec-6] Converting 'Boolean' value 'false' to type 'Boolean'
2017-12-02 22:54:07,574 DEBUG o.a.c.b.c.AbstractConverter [http-nio-8081-exec-6]     No conversion required, value is already a Boolean
2017-12-02 22:54:07,576 DEBUG o.a.c.b.c.AbstractConverter [http-nio-8081-exec-6] Setting default value: 0
2017-12-02 22:54:07,577 DEBUG o.a.c.b.c.AbstractConverter [http-nio-8081-exec-6] Converting 'Integer' value '0' to type 'Byte'
2017-12-02 22:54:07,577 DEBUG o.a.c.b.c.AbstractConverter [http-nio-8081-exec-6]     Converted to Byte value '0'
2017-12-02 22:54:07,578 DEBUG o.a.c.b.c.AbstractConverter [http-nio-8081-exec-6] Setting default value:  
2017-12-02 22:54:07,578 DEBUG o.a.c.b.c.AbstractConverter [http-nio-8081-exec-6] Converting 'Character' value ' ' to type 'Character'
2017-12-02 22:54:07,579 DEBUG o.a.c.b.c.AbstractConverter [http-nio-8081-exec-6]     No conversion required, value is already a Character
2017-12-02 22:54:07,580 DEBUG o.a.c.b.c.AbstractConverter [http-nio-8081-exec-6] Setting default value: 0
2017-12-02 22:54:07,582 DEBUG o.a.c.b.c.AbstractConverter [http-nio-8081-exec-6] Converting 'Integer' value '0' to type 'Double'
2017-12-02 22:54:07,582 DEBUG o.a.c.b.c.AbstractConverter [http-nio-8081-exec-6]     Converted to Double value '0.0'
2017-12-02 22:54:07,583 DEBUG o.a.c.b.c.AbstractConverter [http-nio-8081-exec-6] Setting default value: 0
2017-12-02 22:54:07,583 DEBUG o.a.c.b.c.AbstractConverter [http-nio-8081-exec-6] Converting 'Integer' value '0' to type 'Float'
2017-12-02 22:54:07,583 DEBUG o.a.c.b.c.AbstractConverter [http-nio-8081-exec-6]     Converted to Float value '0.0'
2017-12-02 22:54:07,584 DEBUG o.a.c.b.c.AbstractConverter [http-nio-8081-exec-6] Setting default value: 0
2017-12-02 22:54:07,584 DEBUG o.a.c.b.c.AbstractConverter [http-nio-8081-exec-6] Converting 'Integer' value '0' to type 'Integer'
2017-12-02 22:54:07,585 DEBUG o.a.c.b.c.AbstractConverter [http-nio-8081-exec-6]     No conversion required, value is already a Integer
2017-12-02 22:54:07,585 DEBUG o.a.c.b.c.AbstractConverter [http-nio-8081-exec-6] Setting default value: 0
2017-12-02 22:54:07,586 DEBUG o.a.c.b.c.AbstractConverter [http-nio-8081-exec-6] Converting 'Integer' value '0' to type 'Long'
2017-12-02 22:54:07,586 DEBUG o.a.c.b.c.AbstractConverter [http-nio-8081-exec-6]     Converted to Long value '0'
2017-12-02 22:54:07,588 DEBUG o.a.c.b.c.AbstractConverter [http-nio-8081-exec-6] Setting default value: 0
2017-12-02 22:54:07,588 DEBUG o.a.c.b.c.AbstractConverter [http-nio-8081-exec-6] Converting 'Integer' value '0' to type 'Short'
2017-12-02 22:54:07,589 DEBUG o.a.c.b.c.AbstractConverter [http-nio-8081-exec-6]     Converted to Short value '0'
2017-12-02 22:54:07,591 DEBUG o.a.c.b.c.AbstractConverter [http-nio-8081-exec-6] Setting default value: 0.0
2017-12-02 22:54:07,591 DEBUG o.a.c.b.c.AbstractConverter [http-nio-8081-exec-6] Converting 'BigDecimal' value '0.0' to type 'BigDecimal'
2017-12-02 22:54:07,592 DEBUG o.a.c.b.c.AbstractConverter [http-nio-8081-exec-6]     No conversion required, value is already a BigDecimal
2017-12-02 22:54:07,593 DEBUG o.a.c.b.c.AbstractConverter [http-nio-8081-exec-6] Setting default value: 0
2017-12-02 22:54:07,593 DEBUG o.a.c.b.c.AbstractConverter [http-nio-8081-exec-6] Converting 'BigInteger' value '0' to type 'BigInteger'
2017-12-02 22:54:07,593 DEBUG o.a.c.b.c.AbstractConverter [http-nio-8081-exec-6]     No conversion required, value is already a BigInteger
2017-12-02 22:54:07,593 DEBUG o.a.c.b.c.AbstractConverter [http-nio-8081-exec-6] Setting default value: false
2017-12-02 22:54:07,594 DEBUG o.a.c.b.c.AbstractConverter [http-nio-8081-exec-6] Converting 'Boolean' value 'false' to type 'Boolean'
2017-12-02 22:54:07,594 DEBUG o.a.c.b.c.AbstractConverter [http-nio-8081-exec-6]     No conversion required, value is already a Boolean
2017-12-02 22:54:07,594 DEBUG o.a.c.b.c.AbstractConverter [http-nio-8081-exec-6] Setting default value: 0
2017-12-02 22:54:07,594 DEBUG o.a.c.b.c.AbstractConverter [http-nio-8081-exec-6] Converting 'Integer' value '0' to type 'Byte'
2017-12-02 22:54:07,595 DEBUG o.a.c.b.c.AbstractConverter [http-nio-8081-exec-6]     Converted to Byte value '0'
2017-12-02 22:54:07,595 DEBUG o.a.c.b.c.AbstractConverter [http-nio-8081-exec-6] Setting default value:  
2017-12-02 22:54:07,596 DEBUG o.a.c.b.c.AbstractConverter [http-nio-8081-exec-6] Converting 'Character' value ' ' to type 'Character'
2017-12-02 22:54:07,596 DEBUG o.a.c.b.c.AbstractConverter [http-nio-8081-exec-6]     No conversion required, value is already a Character
2017-12-02 22:54:07,597 DEBUG o.a.c.b.c.AbstractConverter [http-nio-8081-exec-6] Setting default value: 0
2017-12-02 22:54:07,598 DEBUG o.a.c.b.c.AbstractConverter [http-nio-8081-exec-6] Converting 'Integer' value '0' to type 'Double'
2017-12-02 22:54:07,598 DEBUG o.a.c.b.c.AbstractConverter [http-nio-8081-exec-6]     Converted to Double value '0.0'
2017-12-02 22:54:07,599 DEBUG o.a.c.b.c.AbstractConverter [http-nio-8081-exec-6] Setting default value: 0
2017-12-02 22:54:07,600 DEBUG o.a.c.b.c.AbstractConverter [http-nio-8081-exec-6] Converting 'Integer' value '0' to type 'Float'
2017-12-02 22:54:07,600 DEBUG o.a.c.b.c.AbstractConverter [http-nio-8081-exec-6]     Converted to Float value '0.0'
2017-12-02 22:54:07,601 DEBUG o.a.c.b.c.AbstractConverter [http-nio-8081-exec-6] Setting default value: 0
2017-12-02 22:54:07,601 DEBUG o.a.c.b.c.AbstractConverter [http-nio-8081-exec-6] Converting 'Integer' value '0' to type 'Integer'
2017-12-02 22:54:07,601 DEBUG o.a.c.b.c.AbstractConverter [http-nio-8081-exec-6]     No conversion required, value is already a Integer
2017-12-02 22:54:07,601 DEBUG o.a.c.b.c.AbstractConverter [http-nio-8081-exec-6] Setting default value: 0
2017-12-02 22:54:07,602 DEBUG o.a.c.b.c.AbstractConverter [http-nio-8081-exec-6] Converting 'Integer' value '0' to type 'Long'
2017-12-02 22:54:07,602 DEBUG o.a.c.b.c.AbstractConverter [http-nio-8081-exec-6]     Converted to Long value '0'
2017-12-02 22:54:07,602 DEBUG o.a.c.b.c.AbstractConverter [http-nio-8081-exec-6] Setting default value: 0
2017-12-02 22:54:07,602 DEBUG o.a.c.b.c.AbstractConverter [http-nio-8081-exec-6] Converting 'Integer' value '0' to type 'Short'
2017-12-02 22:54:07,602 DEBUG o.a.c.b.c.AbstractConverter [http-nio-8081-exec-6]     Converted to Short value '0'
2017-12-02 22:54:07,603 DEBUG o.a.c.b.c.AbstractConverter [http-nio-8081-exec-6] Setting default value: 
2017-12-02 22:54:07,604 DEBUG o.a.c.b.c.AbstractConverter [http-nio-8081-exec-6] Converting 'String' value '' to type 'String'
2017-12-02 22:54:07,613 DEBUG o.a.c.b.c.AbstractConverter [http-nio-8081-exec-6] Setting default value: [Z@2a2a07e
2017-12-02 22:54:07,614 DEBUG o.a.c.b.c.AbstractConverter [http-nio-8081-exec-6] Converting 'boolean[]' value '[Z@2a2a07e' to type 'boolean[]'
2017-12-02 22:54:07,614 DEBUG o.a.c.b.c.AbstractConverter [http-nio-8081-exec-6]     No conversion required, value is already a boolean[]
2017-12-02 22:54:07,616 DEBUG o.a.c.b.c.AbstractConverter [http-nio-8081-exec-6] Setting default value: [B@75598dc8
2017-12-02 22:54:07,616 DEBUG o.a.c.b.c.AbstractConverter [http-nio-8081-exec-6] Converting 'byte[]' value '[B@75598dc8' to type 'byte[]'
2017-12-02 22:54:07,616 DEBUG o.a.c.b.c.AbstractConverter [http-nio-8081-exec-6]     No conversion required, value is already a byte[]
2017-12-02 22:54:07,617 DEBUG o.a.c.b.c.AbstractConverter [http-nio-8081-exec-6] Setting default value: [C@61dd325
2017-12-02 22:54:07,617 DEBUG o.a.c.b.c.AbstractConverter [http-nio-8081-exec-6] Converting 'char[]' value '[C@61dd325' to type 'char[]'
2017-12-02 22:54:07,619 DEBUG o.a.c.b.c.AbstractConverter [http-nio-8081-exec-6]     No conversion required, value is already a char[]
2017-12-02 22:54:07,619 DEBUG o.a.c.b.c.AbstractConverter [http-nio-8081-exec-6] Setting default value: [D@2653e0ab
2017-12-02 22:54:07,620 DEBUG o.a.c.b.c.AbstractConverter [http-nio-8081-exec-6] Converting 'double[]' value '[D@2653e0ab' to type 'double[]'
2017-12-02 22:54:07,620 DEBUG o.a.c.b.c.AbstractConverter [http-nio-8081-exec-6]     No conversion required, value is already a double[]
2017-12-02 22:54:07,620 DEBUG o.a.c.b.c.AbstractConverter [http-nio-8081-exec-6] Setting default value: [F@31e5154f
2017-12-02 22:54:07,621 DEBUG o.a.c.b.c.AbstractConverter [http-nio-8081-exec-6] Converting 'float[]' value '[F@31e5154f' to type 'float[]'
2017-12-02 22:54:07,622 DEBUG o.a.c.b.c.AbstractConverter [http-nio-8081-exec-6]     No conversion required, value is already a float[]
2017-12-02 22:54:07,622 DEBUG o.a.c.b.c.AbstractConverter [http-nio-8081-exec-6] Setting default value: [I@86be976
2017-12-02 22:54:07,622 DEBUG o.a.c.b.c.AbstractConverter [http-nio-8081-exec-6] Converting 'int[]' value '[I@86be976' to type 'int[]'
2017-12-02 22:54:07,622 DEBUG o.a.c.b.c.AbstractConverter [http-nio-8081-exec-6]     No conversion required, value is already a int[]
2017-12-02 22:54:07,623 DEBUG o.a.c.b.c.AbstractConverter [http-nio-8081-exec-6] Setting default value: [J@600787a5
2017-12-02 22:54:07,623 DEBUG o.a.c.b.c.AbstractConverter [http-nio-8081-exec-6] Converting 'long[]' value '[J@600787a5' to type 'long[]'
2017-12-02 22:54:07,624 DEBUG o.a.c.b.c.AbstractConverter [http-nio-8081-exec-6]     No conversion required, value is already a long[]
2017-12-02 22:54:07,624 DEBUG o.a.c.b.c.AbstractConverter [http-nio-8081-exec-6] Setting default value: [S@59e865b6
2017-12-02 22:54:07,624 DEBUG o.a.c.b.c.AbstractConverter [http-nio-8081-exec-6] Converting 'short[]' value '[S@59e865b6' to type 'short[]'
2017-12-02 22:54:07,625 DEBUG o.a.c.b.c.AbstractConverter [http-nio-8081-exec-6]     No conversion required, value is already a short[]
2017-12-02 22:54:07,625 DEBUG o.a.c.b.c.AbstractConverter [http-nio-8081-exec-6] Setting default value: [Ljava.math.BigDecimal;@40be5ca9
2017-12-02 22:54:07,626 DEBUG o.a.c.b.c.AbstractConverter [http-nio-8081-exec-6] Converting 'BigDecimal[]' value '[Ljava.math.BigDecimal;@40be5ca9' to type 'BigDecimal[]'
2017-12-02 22:54:07,626 DEBUG o.a.c.b.c.AbstractConverter [http-nio-8081-exec-6]     No conversion required, value is already a BigDecimal[]
2017-12-02 22:54:07,626 DEBUG o.a.c.b.c.AbstractConverter [http-nio-8081-exec-6] Setting default value: [Ljava.math.BigInteger;@4b2faa72
2017-12-02 22:54:07,627 DEBUG o.a.c.b.c.AbstractConverter [http-nio-8081-exec-6] Converting 'BigInteger[]' value '[Ljava.math.BigInteger;@4b2faa72' to type 'BigInteger[]'
2017-12-02 22:54:07,627 DEBUG o.a.c.b.c.AbstractConverter [http-nio-8081-exec-6]     No conversion required, value is already a BigInteger[]
2017-12-02 22:54:07,627 DEBUG o.a.c.b.c.AbstractConverter [http-nio-8081-exec-6] Setting default value: [Ljava.lang.Boolean;@6319e6e7
2017-12-02 22:54:07,627 DEBUG o.a.c.b.c.AbstractConverter [http-nio-8081-exec-6] Converting 'Boolean[]' value '[Ljava.lang.Boolean;@6319e6e7' to type 'Boolean[]'
2017-12-02 22:54:07,628 DEBUG o.a.c.b.c.AbstractConverter [http-nio-8081-exec-6]     No conversion required, value is already a Boolean[]
2017-12-02 22:54:07,628 DEBUG o.a.c.b.c.AbstractConverter [http-nio-8081-exec-6] Setting default value: [Ljava.lang.Byte;@ba8bb54
2017-12-02 22:54:07,629 DEBUG o.a.c.b.c.AbstractConverter [http-nio-8081-exec-6] Converting 'Byte[]' value '[Ljava.lang.Byte;@ba8bb54' to type 'Byte[]'
2017-12-02 22:54:07,629 DEBUG o.a.c.b.c.AbstractConverter [http-nio-8081-exec-6]     No conversion required, value is already a Byte[]
2017-12-02 22:54:07,630 DEBUG o.a.c.b.c.AbstractConverter [http-nio-8081-exec-6] Setting default value: [Ljava.lang.Character;@7315b99d
2017-12-02 22:54:07,630 DEBUG o.a.c.b.c.AbstractConverter [http-nio-8081-exec-6] Converting 'Character[]' value '[Ljava.lang.Character;@7315b99d' to type 'Character[]'
2017-12-02 22:54:07,630 DEBUG o.a.c.b.c.AbstractConverter [http-nio-8081-exec-6]     No conversion required, value is already a Character[]
2017-12-02 22:54:07,631 DEBUG o.a.c.b.c.AbstractConverter [http-nio-8081-exec-6] Setting default value: [Ljava.lang.Double;@17b498db
2017-12-02 22:54:07,631 DEBUG o.a.c.b.c.AbstractConverter [http-nio-8081-exec-6] Converting 'Double[]' value '[Ljava.lang.Double;@17b498db' to type 'Double[]'
2017-12-02 22:54:07,631 DEBUG o.a.c.b.c.AbstractConverter [http-nio-8081-exec-6]     No conversion required, value is already a Double[]
2017-12-02 22:54:07,632 DEBUG o.a.c.b.c.AbstractConverter [http-nio-8081-exec-6] Setting default value: [Ljava.lang.Float;@2cd3fb8f
2017-12-02 22:54:07,632 DEBUG o.a.c.b.c.AbstractConverter [http-nio-8081-exec-6] Converting 'Float[]' value '[Ljava.lang.Float;@2cd3fb8f' to type 'Float[]'
2017-12-02 22:54:07,632 DEBUG o.a.c.b.c.AbstractConverter [http-nio-8081-exec-6]     No conversion required, value is already a Float[]
2017-12-02 22:54:07,632 DEBUG o.a.c.b.c.AbstractConverter [http-nio-8081-exec-6] Setting default value: [Ljava.lang.Integer;@151452b
2017-12-02 22:54:07,633 DEBUG o.a.c.b.c.AbstractConverter [http-nio-8081-exec-6] Converting 'Integer[]' value '[Ljava.lang.Integer;@151452b' to type 'Integer[]'
2017-12-02 22:54:07,633 DEBUG o.a.c.b.c.AbstractConverter [http-nio-8081-exec-6]     No conversion required, value is already a Integer[]
2017-12-02 22:54:07,634 DEBUG o.a.c.b.c.AbstractConverter [http-nio-8081-exec-6] Setting default value: [Ljava.lang.Long;@6300da26
2017-12-02 22:54:07,634 DEBUG o.a.c.b.c.AbstractConverter [http-nio-8081-exec-6] Converting 'Long[]' value '[Ljava.lang.Long;@6300da26' to type 'Long[]'
2017-12-02 22:54:07,635 DEBUG o.a.c.b.c.AbstractConverter [http-nio-8081-exec-6]     No conversion required, value is already a Long[]
2017-12-02 22:54:07,635 DEBUG o.a.c.b.c.AbstractConverter [http-nio-8081-exec-6] Setting default value: [Ljava.lang.Short;@595d5736
2017-12-02 22:54:07,635 DEBUG o.a.c.b.c.AbstractConverter [http-nio-8081-exec-6] Converting 'Short[]' value '[Ljava.lang.Short;@595d5736' to type 'Short[]'
2017-12-02 22:54:07,635 DEBUG o.a.c.b.c.AbstractConverter [http-nio-8081-exec-6]     No conversion required, value is already a Short[]
2017-12-02 22:54:07,636 DEBUG o.a.c.b.c.AbstractConverter [http-nio-8081-exec-6] Setting default value: [Ljava.lang.String;@e0613be
2017-12-02 22:54:07,636 DEBUG o.a.c.b.c.AbstractConverter [http-nio-8081-exec-6] Converting 'String[]' value '[Ljava.lang.String;@e0613be' to type 'String[]'
2017-12-02 22:54:07,636 DEBUG o.a.c.b.c.AbstractConverter [http-nio-8081-exec-6]     No conversion required, value is already a String[]
2017-12-02 22:54:07,637 DEBUG o.a.c.b.c.AbstractConverter [http-nio-8081-exec-6] Setting default value: [Ljava.lang.Class;@2dc97e3b
2017-12-02 22:54:07,637 DEBUG o.a.c.b.c.AbstractConverter [http-nio-8081-exec-6] Converting 'Class[]' value '[Ljava.lang.Class;@2dc97e3b' to type 'Class[]'
2017-12-02 22:54:07,637 DEBUG o.a.c.b.c.AbstractConverter [http-nio-8081-exec-6]     No conversion required, value is already a Class[]
2017-12-02 22:54:07,637 DEBUG o.a.c.b.c.AbstractConverter [http-nio-8081-exec-6] Setting default value: [Ljava.util.Date;@1e1e6853
2017-12-02 22:54:07,638 DEBUG o.a.c.b.c.AbstractConverter [http-nio-8081-exec-6] Converting 'Date[]' value '[Ljava.util.Date;@1e1e6853' to type 'Date[]'
2017-12-02 22:54:07,638 DEBUG o.a.c.b.c.AbstractConverter [http-nio-8081-exec-6]     No conversion required, value is already a Date[]
2017-12-02 22:54:07,638 DEBUG o.a.c.b.c.AbstractConverter [http-nio-8081-exec-6] Setting default value: [Ljava.util.Calendar;@5a5b10d3
2017-12-02 22:54:07,638 DEBUG o.a.c.b.c.AbstractConverter [http-nio-8081-exec-6] Converting 'Calendar[]' value '[Ljava.util.Calendar;@5a5b10d3' to type 'Calendar[]'
2017-12-02 22:54:07,639 DEBUG o.a.c.b.c.AbstractConverter [http-nio-8081-exec-6]     No conversion required, value is already a Calendar[]
2017-12-02 22:54:07,639 DEBUG o.a.c.b.c.AbstractConverter [http-nio-8081-exec-6] Setting default value: [Ljava.io.File;@51b43e36
2017-12-02 22:54:07,639 DEBUG o.a.c.b.c.AbstractConverter [http-nio-8081-exec-6] Converting 'java.io.File[]' value '[Ljava.io.File;@51b43e36' to type 'java.io.File[]'
2017-12-02 22:54:07,640 DEBUG o.a.c.b.c.AbstractConverter [http-nio-8081-exec-6]     No conversion required, value is already a java.io.File[]
2017-12-02 22:54:07,640 DEBUG o.a.c.b.c.AbstractConverter [http-nio-8081-exec-6] Setting default value: [Ljava.sql.Date;@4422cb69
2017-12-02 22:54:07,640 DEBUG o.a.c.b.c.AbstractConverter [http-nio-8081-exec-6] Converting 'java.sql.Date[]' value '[Ljava.sql.Date;@4422cb69' to type 'java.sql.Date[]'
2017-12-02 22:54:07,640 DEBUG o.a.c.b.c.AbstractConverter [http-nio-8081-exec-6]     No conversion required, value is already a java.sql.Date[]
2017-12-02 22:54:07,641 DEBUG o.a.c.b.c.AbstractConverter [http-nio-8081-exec-6] Setting default value: [Ljava.sql.Time;@24aa926e
2017-12-02 22:54:07,641 DEBUG o.a.c.b.c.AbstractConverter [http-nio-8081-exec-6] Converting 'java.sql.Time[]' value '[Ljava.sql.Time;@24aa926e' to type 'java.sql.Time[]'
2017-12-02 22:54:07,641 DEBUG o.a.c.b.c.AbstractConverter [http-nio-8081-exec-6]     No conversion required, value is already a java.sql.Time[]
2017-12-02 22:54:07,642 DEBUG o.a.c.b.c.AbstractConverter [http-nio-8081-exec-6] Setting default value: [Ljava.sql.Timestamp;@5c61c9cb
2017-12-02 22:54:07,642 DEBUG o.a.c.b.c.AbstractConverter [http-nio-8081-exec-6] Converting 'java.sql.Timestamp[]' value '[Ljava.sql.Timestamp;@5c61c9cb' to type 'java.sql.Timestamp[]'
2017-12-02 22:54:07,642 DEBUG o.a.c.b.c.AbstractConverter [http-nio-8081-exec-6]     No conversion required, value is already a java.sql.Timestamp[]
2017-12-02 22:54:07,642 DEBUG o.a.c.b.c.AbstractConverter [http-nio-8081-exec-6] Setting default value: [Ljava.net.URL;@283792c
2017-12-02 22:54:07,643 DEBUG o.a.c.b.c.AbstractConverter [http-nio-8081-exec-6] Converting 'java.net.URL[]' value '[Ljava.net.URL;@283792c' to type 'java.net.URL[]'
2017-12-02 22:54:07,643 DEBUG o.a.c.b.c.AbstractConverter [http-nio-8081-exec-6]     No conversion required, value is already a java.net.URL[]
2017-12-02 22:54:07,737 INFO w.Search [http-nio-8081-exec-6] 12/11/1996
